<?xml version="1.0" encoding="UTF-8"?>
<!-- Generated by org.testng.reporters.JUnitXMLReporter -->
<testsuite hostname="Yogesh" ignored="0" name="Test" tests="3" failures="1" timestamp="22 Dec 2019 12:23:56 GMT" time="17.552" errors="0">
  <testcase name="testPostWithJsoStr" time="5.948" classname="com.api.rest.api.helper.PostMethodTest"/>
  <testcase name="testPostWithJsonFile" time="0.493" classname="com.api.rest.api.helper.PostMethodTest"/>
  <testcase name="testPostWithXml" time="10.956" classname="com.api.rest.api.helper.PostMethodTest">
    <failure type="com.google.gson.JsonSyntaxException" message="java.lang.IllegalStateException: Expected BEGIN_OBJECT but was STRING at line 1 column 1 path $">
      <![CDATA[com.google.gson.JsonSyntaxException: java.lang.IllegalStateException: Expected BEGIN_OBJECT but was STRING at line 1 column 1 path $at com.google.gson.internal.bind.ReflectiveTypeAdapterFactory$Adapter.read(ReflectiveTypeAdapterFactory.java:224)at com.google.gson.Gson.fromJson(Gson.java:887)at com.google.gson.Gson.fromJson(Gson.java:852)at com.google.gson.Gson.fromJson(Gson.java:801)at com.google.gson.Gson.fromJson(Gson.java:773)at com.api.rest.api.util.SerializationOfJson.SerializeGson(SerializationOfJson.java:14)at com.api.rest.api.helper.PostMethodTest.testPostWithXml(PostMethodTest.java:77)Caused by: java.lang.IllegalStateException: Expected BEGIN_OBJECT but was STRING at line 1 column 1 path $at com.google.gson.stream.JsonReader.beginObject(JsonReader.java:385)at com.google.gson.internal.bind.ReflectiveTypeAdapterFactory$Adapter.read(ReflectiveTypeAdapterFactory.java:213)... 31 more... Removed 25 stack frames]]>
    </failure>
  </testcase> <!-- testPostWithXml -->
</testsuite> <!-- Test -->
