<?xml version="1.0" encoding="UTF-8"?>
<!-- Generated by org.testng.reporters.JUnitXMLReporter -->
<testsuite hostname="Yogesh" ignored="0" name="Test" tests="4" failures="0" timestamp="29 Dec 2019 15:45:02 GMT" time="15.902" errors="0">
  <testcase name="testPostRequest" time="3.426" classname="com.api.rest.api.helper.AsyncRequestTest"/>
  <testcase name="testPutRequest" time="10.81" classname="com.api.rest.api.helper.AsyncRequestTest"/>
  <testcase name="testGetRequest" time="1.255" classname="com.api.rest.api.helper.AsyncRequestTest"/>
  <testcase name="testDelete" time="0.331" classname="com.api.rest.api.helper.AsyncRequestTest"/>
</testsuite> <!-- Test -->
