<?xml version="1.0" encoding="UTF-8"?>
<testng-results skipped="0" failed="0" ignored="0" total="1" passed="1">
  <reporter-output>
  </reporter-output>
  <suite name="InputFormSuite" duration-ms="13998" started-at="2019-12-27T22:11:08Z" finished-at="2019-12-27T22:11:22Z">
    <groups>
    </groups>
    <test name="Test" duration-ms="13998" started-at="2019-12-27T22:11:08Z" finished-at="2019-12-27T22:11:22Z">
      <class name="com.api.rest.api.helper.PutMethodTest">
        <test-method status="PASS" signature="testPutMethod()[pri:0, instance:com.api.rest.api.helper.PutMethodTest@79b4d0f]" name="testPutMethod" duration-ms="13950" started-at="2019-12-28T03:41:08Z" finished-at="2019-12-28T03:41:22Z">
          <reporter-output>
          </reporter-output>
        </test-method> <!-- testPutMethod -->
      </class> <!-- com.api.rest.api.helper.PutMethodTest -->
    </test> <!-- Test -->
  </suite> <!-- InputFormSuite -->
</testng-results>
