<?xml version="1.0" encoding="UTF-8" ?>
<testsuite tests="4" failures="0" name="TestSuite" time="15.83" errors="0" skipped="0">
  <properties>
[...]
</properties>
  <testcase classname="com.api.rest.api.helper.AsyncRequestTest" name="testPostRequest" time="3.43"/>
  <testcase classname="com.api.rest.api.helper.AsyncRequestTest" name="testPutRequest" time="10.812"/>
  <testcase classname="com.api.rest.api.helper.AsyncRequestTest" name="testGetRequest" time="1.253"/>
  <testcase classname="com.api.rest.api.helper.AsyncRequestTest" name="testDelete" time="0.335"/>
</testsuite>