<?xml version="1.0" encoding="UTF-8"?>
<testng-results skipped="0" failed="0" ignored="0" total="1" passed="1">
  <reporter-output>
  </reporter-output>
  <suite name="Default suite" duration-ms="12734" started-at="2020-01-09T05:29:36Z" finished-at="2020-01-09T05:29:48Z">
    <groups>
    </groups>
    <test name="Default test" duration-ms="12734" started-at="2020-01-09T05:29:36Z" finished-at="2020-01-09T05:29:48Z">
      <class name="com.api.rest.api.restassuredtest.TestQueryParameter">
        <test-method status="PASS" signature="setUp()[pri:0, instance:com.api.rest.api.restassuredtest.TestQueryParameter@385e9564]" name="setUp" is-config="true" duration-ms="16" started-at="2020-01-09T10:59:36Z" finished-at="2020-01-09T10:59:36Z">
          <reporter-output>
          </reporter-output>
        </test-method> <!-- setUp -->
        <test-method status="PASS" signature="testQueryPara()[pri:0, instance:com.api.rest.api.restassuredtest.TestQueryParameter@385e9564]" name="testQueryPara" duration-ms="12683" started-at="2020-01-09T10:59:36Z" finished-at="2020-01-09T10:59:48Z">
          <reporter-output>
          </reporter-output>
        </test-method> <!-- testQueryPara -->
      </class> <!-- com.api.rest.api.restassuredtest.TestQueryParameter -->
    </test> <!-- Default test -->
  </suite> <!-- Default suite -->
</testng-results>
